SF:lib\main.dart
DA:7,0
DA:8,0
DA:12,2
DA:14,1
DA:16,1
DA:17,2
DA:26,1
DA:28,1
DA:30,1
DA:31,1
DA:32,1
DA:35,1
DA:37,3
DA:38,1
DA:40,1
DA:42,1
DA:44,1
DA:45,2
DA:51,1
DA:52,1
DA:55,1
DA:60,0
DA:68,1
DA:73,1
DA:75,1
DA:76,0
DA:77,0
DA:79,1
DA:80,4
DA:82,6
DA:85,1
DA:95,1
DA:101,0
DA:102,0
DA:109,3
DA:111,1
DA:112,3
DA:113,1
DA:116,1
DA:117,5
DA:118,1
LF:41
LH:34
end_of_record
SF:lib\TodoAddDialog.dart
DA:6,1
DA:8,1
DA:9,1
DA:15,1
DA:17,1
DA:18,2
DA:21,1
DA:28,1
DA:30,2
DA:31,1
DA:34,1
DA:36,1
DA:38,1
DA:40,1
DA:41,1
DA:42,1
DA:43,3
DA:45,1
DA:46,1
DA:48,1
DA:49,3
DA:52,2
DA:53,3
DA:55,1
DA:57,0
DA:58,0
DA:65,1
DA:66,2
DA:67,2
LF:29
LH:27
end_of_record
